0 info it worked if it ends with ok
1 verbose cli [ '/usr/local/bin/node', '/usr/local/bin/npm', 'test' ]
2 info using npm@1.1.45
3 info using node@v0.8.5-pre
4 verbose config file /home/foxyboy/.npmrc
5 verbose config file /usr/local/etc/npmrc
6 verbose config file /usr/local/lib/node_modules/npm/npmrc
7 verbose read json /home/foxyboy/Desktop/c505/node/tagfinder/package.json
8 error Failed to parse json
8 error Unexpected string
9 error File: /home/foxyboy/Desktop/c505/node/tagfinder/package.json
10 error Failed to parse package.json data.
10 error package.json must be actual JSON, not just JavaScript.
10 error
10 error This is not a bug in npm.
10 error Tell the package author to fix their package.json file. JSON.parse
11 error System Linux 3.2.0-29-generic
12 error command "/usr/local/bin/node" "/usr/local/bin/npm" "test"
13 error cwd /home/foxyboy/Desktop/c505/node/tagfinder
14 error node -v v0.8.5-pre
15 error npm -v 1.1.45
16 error file /home/foxyboy/Desktop/c505/node/tagfinder/package.json
17 error code EJSONPARSE
18 verbose exit [ 1, true ]
